Start testing: Dec 24 00:50 CST
----------------------------------------------------------
1/15 Testing: allocator_test
1/15 Test: allocator_test
Command: "/home/app/HPPS/hpps/build/test/hpps/allocator_test" "COMMAND" "allocator_test"
Directory: /home/app/HPPS/hpps/build/test/hpps
"allocator_test" start time: Dec 24 00:50 CST
Output:
----------------------------------------------------------
Running main() from gtest_main.cc
[==========] Running 2 tests from 1 test case.
[----------] Global test environment set-up.
[----------] 2 tests from Allocator
[ RUN      ] Allocator.Alloc
[INFO] [2018-12-24 00:50:28] data=0x2319bc0
[       OK ] Allocator.Alloc (0 ms)
[ RUN      ] Allocator.Alloc2
[       OK ] Allocator.Alloc2 (0 ms)
[----------] 2 tests from Allocator (0 ms total)

[----------] Global test environment tear-down
[==========] 2 tests from 1 test case ran. (0 ms total)
[  PASSED  ] 2 tests.
<end of output>
Test time =   0.00 sec
----------------------------------------------------------
Test Passed.
"allocator_test" end time: Dec 24 00:50 CST
"allocator_test" time elapsed: 00:00:00
----------------------------------------------------------

2/15 Testing: blob_test
2/15 Test: blob_test
Command: "/home/app/HPPS/hpps/build/test/hpps/blob_test" "COMMAND" "blob_test"
Directory: /home/app/HPPS/hpps/build/test/hpps
"blob_test" start time: Dec 24 00:50 CST
Output:
----------------------------------------------------------
Running main() from gtest_main.cc
[==========] Running 1 test from 1 test case.
[----------] Global test environment set-up.
[----------] 1 test from Blob
[ RUN      ] Blob.Blob
[       OK ] Blob.Blob (0 ms)
[----------] 1 test from Blob (0 ms total)

[----------] Global test environment tear-down
[==========] 1 test from 1 test case ran. (0 ms total)
[  PASSED  ] 1 test.
<end of output>
Test time =   0.00 sec
----------------------------------------------------------
Test Passed.
"blob_test" end time: Dec 24 00:50 CST
"blob_test" time elapsed: 00:00:00
----------------------------------------------------------

3/15 Testing: hash_test
3/15 Test: hash_test
Command: "/home/app/HPPS/hpps/build/test/hpps/hash_test" "COMMAND" "hash_test"
Directory: /home/app/HPPS/hpps/build/test/hpps
"hash_test" start time: Dec 24 00:50 CST
Output:
----------------------------------------------------------
Running main() from gtest_main.cc
[==========] Running 1 test from 1 test case.
[----------] Global test environment set-up.
[----------] 1 test from Hash
[ RUN      ] Hash.MurmurHash64B
[INFO] [2018-12-24 00:50:28] hash=4158812995
[       OK ] Hash.MurmurHash64B (0 ms)
[----------] 1 test from Hash (1 ms total)

[----------] Global test environment tear-down
[==========] 1 test from 1 test case ran. (1 ms total)
[  PASSED  ] 1 test.
<end of output>
Test time =   0.00 sec
----------------------------------------------------------
Test Passed.
"hash_test" end time: Dec 24 00:50 CST
"hash_test" time elapsed: 00:00:00
----------------------------------------------------------

4/15 Testing: message_test
4/15 Test: message_test
Command: "/home/app/HPPS/hpps/build/test/hpps/message_test" "COMMAND" "message_test"
Directory: /home/app/HPPS/hpps/build/test/hpps
"message_test" start time: Dec 24 00:50 CST
Output:
----------------------------------------------------------
Running main() from gtest_main.cc
[==========] Running 5 tests from 1 test case.
[----------] Global test environment set-up.
[----------] 5 tests from Message
[ RUN      ] Message.type
[       OK ] Message.type (0 ms)
[ RUN      ] Message.src
[       OK ] Message.src (0 ms)
[ RUN      ] Message.dst
[       OK ] Message.dst (0 ms)
[ RUN      ] Message.table_id
[       OK ] Message.table_id (0 ms)
[ RUN      ] Message.msg_id
[       OK ] Message.msg_id (0 ms)
[----------] 5 tests from Message (0 ms total)

[----------] Global test environment tear-down
[==========] 5 tests from 1 test case ran. (0 ms total)
[  PASSED  ] 5 tests.
<end of output>
Test time =   0.00 sec
----------------------------------------------------------
Test Passed.
"message_test" end time: Dec 24 00:50 CST
"message_test" time elapsed: 00:00:00
----------------------------------------------------------

5/15 Testing: queue_test
5/15 Test: queue_test
Command: "/home/app/HPPS/hpps/build/test/hpps/queue_test" "COMMAND" "queue_test"
Directory: /home/app/HPPS/hpps/build/test/hpps
"queue_test" start time: Dec 24 00:50 CST
Output:
----------------------------------------------------------
Running main() from gtest_main.cc
[==========] Running 2 tests from 1 test case.
[----------] Global test environment set-up.
[----------] 2 tests from Queue
[ RUN      ] Queue.Push
[       OK ] Queue.Push (0 ms)
[ RUN      ] Queue.ExitAlive
[INFO] [2018-12-24 00:50:28] success 2 0
[INFO] [2018-12-24 00:50:28] success 3
[INFO] [2018-12-24 00:50:28] exiting
[INFO] [2018-12-24 00:50:28] exiting
[       OK ] Queue.ExitAlive (0 ms)
[----------] 2 tests from Queue (0 ms total)

[----------] Global test environment tear-down
[==========] 2 tests from 1 test case ran. (0 ms total)
[  PASSED  ] 2 tests.
<end of output>
Test time =   0.00 sec
----------------------------------------------------------
Test Passed.
"queue_test" end time: Dec 24 00:50 CST
"queue_test" time elapsed: 00:00:00
----------------------------------------------------------

6/15 Testing: random_test
6/15 Test: random_test
Command: "/home/app/HPPS/hpps/build/test/hpps/random_test" "COMMAND" "random_test"
Directory: /home/app/HPPS/hpps/build/test/hpps
"random_test" start time: Dec 24 00:50 CST
Output:
----------------------------------------------------------
Running main() from gtest_main.cc
[==========] Running 3 tests from 1 test case.
[----------] Global test environment set-up.
[----------] 3 tests from Random
[ RUN      ] Random.GenAssigned
[       OK ] Random.GenAssigned (0 ms)
[ RUN      ] Random.GenUniform
[       OK ] Random.GenUniform (0 ms)
[ RUN      ] Random.GenGaussian
[INFO] [2018-12-24 00:50:28] Avg=0.014882
[       OK ] Random.GenGaussian (0 ms)
[----------] 3 tests from Random (0 ms total)

[----------] Global test environment tear-down
[==========] 3 tests from 1 test case ran. (0 ms total)
[  PASSED  ] 3 tests.
<end of output>
Test time =   0.00 sec
----------------------------------------------------------
Test Passed.
"random_test" end time: Dec 24 00:50 CST
"random_test" time elapsed: 00:00:00
----------------------------------------------------------

7/15 Testing: waiter_test
7/15 Test: waiter_test
Command: "/home/app/HPPS/hpps/build/test/hpps/waiter_test" "COMMAND" "waiter_test"
Directory: /home/app/HPPS/hpps/build/test/hpps
"waiter_test" start time: Dec 24 00:50 CST
Output:
----------------------------------------------------------
Running main() from gtest_main.cc
[==========] Running 1 test from 1 test case.
[----------] Global test environment set-up.
[----------] 1 test from Waiter
[ RUN      ] Waiter.TestAll
[       OK ] Waiter.TestAll (0 ms)
[----------] 1 test from Waiter (0 ms total)

[----------] Global test environment tear-down
[==========] 1 test from 1 test case ran. (0 ms total)
[  PASSED  ] 1 test.
<end of output>
Test time =   0.00 sec
----------------------------------------------------------
Test Passed.
"waiter_test" end time: Dec 24 00:50 CST
"waiter_test" time elapsed: 00:00:00
----------------------------------------------------------

8/15 Testing: actor_test
8/15 Test: actor_test
Command: "/home/app/HPPS/hpps/build/test/hpps/actor_test" "COMMAND" "actor_test"
Directory: /home/app/HPPS/hpps/build/test/hpps
"actor_test" start time: Dec 24 00:50 CST
Output:
----------------------------------------------------------
Running main() from gtest_main.cc
[==========] Running 1 test from 1 test case.
[----------] Global test environment set-up.
[----------] 1 test from Actor
[ RUN      ] Actor.TestAll
[       OK ] Actor.TestAll (11 ms)
[----------] 1 test from Actor (11 ms total)

[----------] Global test environment tear-down
[==========] 1 test from 1 test case ran. (11 ms total)
[  PASSED  ] 1 test.
<end of output>
Test time =   0.01 sec
----------------------------------------------------------
Test Passed.
"actor_test" end time: Dec 24 00:50 CST
"actor_test" time elapsed: 00:00:00
----------------------------------------------------------

9/15 Testing: node_test
9/15 Test: node_test
Command: "/home/app/HPPS/hpps/build/test/hpps/node_test" "COMMAND" "node_test"
Directory: /home/app/HPPS/hpps/build/test/hpps
"node_test" start time: Dec 24 00:50 CST
Output:
----------------------------------------------------------
Running main() from gtest_main.cc
[==========] Running 1 test from 1 test case.
[----------] Global test environment set-up.
[----------] 1 test from Node
[ RUN      ] Node.TestAll
[       OK ] Node.TestAll (0 ms)
[----------] 1 test from Node (0 ms total)

[----------] Global test environment tear-down
[==========] 1 test from 1 test case ran. (0 ms total)
[  PASSED  ] 1 test.
<end of output>
Test time =   0.01 sec
----------------------------------------------------------
Test Passed.
"node_test" end time: Dec 24 00:50 CST
"node_test" time elapsed: 00:00:00
----------------------------------------------------------

10/15 Testing: zoo_test
10/15 Test: zoo_test
Command: "/home/app/HPPS/hpps/build/test/hpps/zoo_test" "COMMAND" "zoo_test"
Directory: /home/app/HPPS/hpps/build/test/hpps
"zoo_test" start time: Dec 24 00:50 CST
Output:
----------------------------------------------------------
Running main() from gtest_main.cc
[==========] Running 6 tests from 1 test case.
[----------] Global test environment set-up.
[----------] 6 tests from Zoo
[ RUN      ] Zoo.Start
[INFO] [2018-12-24 00:50:28] ZeroMQ net util inited, rank = 0, size = 1
[INFO] [2018-12-24 00:50:28] All nodes registered. System contains 1 nodes. num_worker = 1, num_server = 1
[INFO] [2018-12-24 00:50:28] Create a async server
[INFO] [2018-12-24 00:50:28] Rank 0: Parameter Server start successfully
[       OK ] Zoo.Start (42 ms)
[ RUN      ] Zoo.Barrier
[       OK ] Zoo.Barrier (0 ms)
[ RUN      ] Zoo.worker_rank
[       OK ] Zoo.worker_rank (0 ms)
[ RUN      ] Zoo.server_rank
[       OK ] Zoo.server_rank (0 ms)
[ RUN      ] Zoo.RegisterTable
[INFO] [2018-12-24 00:50:28] --------------Show dashboard monitor information--------------
[INFO] [2018-12-24 00:50:28] [SERVER_PROCESS_ADD]  count = 1 elapse = 0.15984ms average = 0.15984ms
[INFO] [2018-12-24 00:50:28] [SERVER_PROCESS_GET]  count = 2 elapse = 0.010334ms average = 0.005167ms
[INFO] [2018-12-24 00:50:28] [WORKER_PROCESS_ADD]  count = 1 elapse = 0.003237ms average = 0.003237ms
[INFO] [2018-12-24 00:50:28] [WORKER_PROCESS_GET]  count = 2 elapse = 0.012219ms average = 0.0061095ms
[INFO] [2018-12-24 00:50:28] [WORKER_PROCESS_REPLY_GET]  count = 2 elapse = 0.010101ms average = 0.0050505ms
[INFO] [2018-12-24 00:50:28] [WORKER_TABLE_SYNC_ADD]  count = 1 elapse = 0.188651ms average = 0.188651ms
[INFO] [2018-12-24 00:50:28] [WORKER_TABLE_SYNC_GET]  count = 2 elapse = 0.1517ms average = 0.07585ms
[INFO] [2018-12-24 00:50:28] --------------------------------------------------------------
[       OK ] Zoo.RegisterTable (0 ms)
[ RUN      ] Zoo.Stop
[INFO] [2018-12-24 00:50:28] zmq finalize: before close context
[INFO] [2018-12-24 00:50:28] zmq finalize: close context
[INFO] [2018-12-24 00:50:28] Parameter Server Shutdown successfully
[       OK ] Zoo.Stop (2 ms)
[----------] 6 tests from Zoo (44 ms total)

[----------] Global test environment tear-down
[==========] 6 tests from 1 test case ran. (44 ms total)
[  PASSED  ] 6 tests.
<end of output>
Test time =   0.05 sec
----------------------------------------------------------
Test Passed.
"zoo_test" end time: Dec 24 00:50 CST
"zoo_test" time elapsed: 00:00:00
----------------------------------------------------------

11/15 Testing: allreduce_engine_test
11/15 Test: allreduce_engine_test
Command: "/home/app/HPPS/hpps/build/test/hpps/allreduce_engine_test" "COMMAND" "allreduce_engine_test"
Directory: /home/app/HPPS/hpps/build/test/hpps
"allreduce_engine_test" start time: Dec 24 00:50 CST
Output:
----------------------------------------------------------
Running main() from gtest_main.cc
[==========] Running 0 tests from 0 test cases.
[==========] 0 tests from 0 test cases ran. (0 ms total)
[  PASSED  ] 0 tests.
<end of output>
Test time =   0.00 sec
----------------------------------------------------------
Test Passed.
"allreduce_engine_test" end time: Dec 24 00:50 CST
"allreduce_engine_test" time elapsed: 00:00:00
----------------------------------------------------------

12/15 Testing: mpi_net_test
12/15 Test: mpi_net_test
Command: "/home/app/HPPS/hpps/build/test/hpps/mpi_net_test" "COMMAND" "mpi_net_test"
Directory: /home/app/HPPS/hpps/build/test/hpps
"mpi_net_test" start time: Dec 24 00:50 CST
Output:
----------------------------------------------------------
Running main() from gtest_main.cc
[==========] Running 0 tests from 0 test cases.
[==========] 0 tests from 0 test cases ran. (0 ms total)
[  PASSED  ] 0 tests.
<end of output>
Test time =   0.00 sec
----------------------------------------------------------
Test Passed.
"mpi_net_test" end time: Dec 24 00:50 CST
"mpi_net_test" time elapsed: 00:00:00
----------------------------------------------------------

13/15 Testing: zmq_net_test
13/15 Test: zmq_net_test
Command: "/home/app/HPPS/hpps/build/test/hpps/zmq_net_test" "COMMAND" "zmq_net_test"
Directory: /home/app/HPPS/hpps/build/test/hpps
"zmq_net_test" start time: Dec 24 00:50 CST
Output:
----------------------------------------------------------
Running main() from gtest_main.cc
[==========] Running 0 tests from 0 test cases.
[==========] 0 tests from 0 test cases ran. (0 ms total)
[  PASSED  ] 0 tests.
<end of output>
Test time =   0.00 sec
----------------------------------------------------------
Test Passed.
"zmq_net_test" end time: Dec 24 00:50 CST
"zmq_net_test" time elapsed: 00:00:00
----------------------------------------------------------

14/15 Testing: array_table_test
14/15 Test: array_table_test
Command: "/home/app/HPPS/hpps/build/test/hpps/array_table_test" "COMMAND" "array_table_test"
Directory: /home/app/HPPS/hpps/build/test/hpps
"array_table_test" start time: Dec 24 00:50 CST
Output:
----------------------------------------------------------
Running main() from gtest_main.cc
[==========] Running 0 tests from 0 test cases.
[==========] 0 tests from 0 test cases ran. (0 ms total)
[  PASSED  ] 0 tests.
<end of output>
Test time =   0.00 sec
----------------------------------------------------------
Test Passed.
"array_table_test" end time: Dec 24 00:50 CST
"array_table_test" time elapsed: 00:00:00
----------------------------------------------------------

15/15 Testing: updater_test
15/15 Test: updater_test
Command: "/home/app/HPPS/hpps/build/test/hpps/updater_test" "COMMAND" "updater_test"
Directory: /home/app/HPPS/hpps/build/test/hpps
"updater_test" start time: Dec 24 00:50 CST
Output:
----------------------------------------------------------
Running main() from gtest_main.cc
[==========] Running 0 tests from 0 test cases.
[==========] 0 tests from 0 test cases ran. (0 ms total)
[  PASSED  ] 0 tests.
<end of output>
Test time =   0.00 sec
----------------------------------------------------------
Test Passed.
"updater_test" end time: Dec 24 00:50 CST
"updater_test" time elapsed: 00:00:00
----------------------------------------------------------

End testing: Dec 24 00:50 CST
